<?xml version="1.0" encoding="UTF-8"?>
<!-- Generated by org.testng.reporters.JUnitReportReporter -->
<testsuite hostname="DESKTOP-98O1PSG" failures="0" tests="1" name="com.YourCampus.App_Automation.Testexecution" time="14.381" errors="0" timestamp="01 Sep 2024 23:58:24 GMT" skipped="0">
  <testcase classname="com.YourCampus.App_Automation.Testexecution" name="startAppiumServer" time="14.381"/>
</testsuite> <!-- com.YourCampus.App_Automation.Testexecution -->
