<?xml version="1.0" encoding="UTF-8"?>
<!-- Generated by org.testng.reporters.JUnitReportReporter -->
<testsuite hostname="DESKTOP-98O1PSG" failures="0" tests="1" name="GesturesAutomation.swipeGesture" time="21.600" errors="0" timestamp="04 Sep 2024 07:56:09 GMT" skipped="0">
  <testcase classname="GesturesAutomation.swipeGesture" name="swipe" time="21.600"/>
</testsuite> <!-- GesturesAutomation.swipeGesture -->
