<?xml version="1.0" encoding="UTF-8"?>
<!-- Generated by org.testng.reporters.JUnitReportReporter -->
<testsuite hostname="nikPC" failures="0" tests="1" name="com.YourCampus.App_Automation.CreateDriverSessionUsingOptions" time="8.082" errors="0" timestamp="01 Sep 2024 10:51:08 GMT" skipped="0">
  <testcase classname="com.YourCampus.App_Automation.CreateDriverSessionUsingOptions" name="AppTestOn" time="8.082"/>
</testsuite> <!-- com.YourCampus.App_Automation.CreateDriverSessionUsingOptions -->
