<?xml version="1.0" encoding="UTF-8"?>
<!-- Generated by org.testng.reporters.JUnitReportReporter -->
<testsuite hostname="DESKTOP-98O1PSG" failures="0" tests="1" name="com.YourCampus.App_Automation.AppiumBasics" time="16.223" errors="0" timestamp="2024-09-01T01:25:07 BDT" skipped="0">
  <testcase classname="com.YourCampus.App_Automation.AppiumBasics" name="AppiumTest" time="16.223"/>
</testsuite> <!-- com.YourCampus.App_Automation.AppiumBasics -->
