<?xml version="1.0" encoding="UTF-8"?>
<!-- Generated by org.testng.reporters.JUnitReportReporter -->
<testsuite hostname="DESKTOP-98O1PSG" failures="0" tests="1" name="MiscellaneousActivity.KeyEvents" time="11.366" errors="0" timestamp="04 Sep 2024 12:50:06 GMT" skipped="0">
  <testcase classname="MiscellaneousActivity.KeyEvents" name="keyEventTest" time="11.366"/>
</testsuite> <!-- MiscellaneousActivity.KeyEvents -->
