<?xml version="1.0" encoding="UTF-8"?>
<!-- Generated by org.testng.reporters.JUnitReportReporter -->
<testsuite hostname="DESKTOP-98O1PSG" failures="0" tests="1" name="Locators.Testexecution" time="7.768" errors="0" timestamp="03 Sep 2024 01:20:09 GMT" skipped="0">
  <testcase classname="Locators.Testexecution" name="StartTest" time="7.768"/>
</testsuite> <!-- Locators.Testexecution -->
