<?xml version="1.0" encoding="UTF-8"?>
<!-- Generated by org.testng.reporters.JUnitReportReporter -->
<testsuite hostname="DESKTOP-98O1PSG" failures="0" tests="1" name="ConnectWithDesiredCapabilities.LoginPageDesiredCapabilities" time="0.955" errors="1" timestamp="01 Sep 2024 22:54:22 GMT" skipped="0">
  <testcase classname="ConnectWithDesiredCapabilities.LoginPageDesiredCapabilities" name="TestyourCampusAPK" time="0.955">
    <error message="Could not start a new session. Response code 500. Message: An unknown server-side error occurred while processing the command. Original error: Either provide &#039;app&#039; option to install &#039;com.mnt.your_campus&#039; or consider setting &#039;noReset&#039; to &#039;true&#039; if &#039;com.mnt.your_campus&#039; is supposed to be preinstalled. 
Host info: host: &#039;DESKTOP-98O1PSG&#039;, ip: &#039;192.168.56.1&#039;
Build info: version: &#039;4.21.0&#039;, revision: &#039;79ed462ef4&#039;
System info: os.name: &#039;Windows 10&#039;, os.arch: &#039;amd64&#039;, os.version: &#039;10.0&#039;, java.version: &#039;17.0.11&#039;
Driver info: io.appium.java_client.android.AndroidDriver
Command: [null, newSession {capabilities=[Capabilities {appium:appActivity: com.mnt.your_campus.MainAct..., appium:appPackage: com.mnt.your_campus, appium:automationName: UiAutomator2, appium:avd: Pixel_7_Pro_API_34, appium:avdLaunchTimeout: 18000, appium:deviceName: Pixel_7_Pro_API_34, appium:udid: emulator-5554, platformName: ANDROID}]}]
Capabilities {appium:appActivity: com.mnt.your_campus.MainAct..., appium:appPackage: com.mnt.your_campus, appium:automationName: UiAutomator2, appium:avd: Pixel_7_Pro_API_34, appium:avdLaunchTimeout: 18000, appium:deviceName: Pixel_7_Pro_API_34, appium:udid: emulator-5554, platformName: ANDROID}" type="org.openqa.selenium.SessionNotCreatedException">
      <![CDATA[org.openqa.selenium.SessionNotCreatedException: Could not start a new session. Response code 500. Message: An unknown server-side error occurred while processing the command. Original error: Either provide 'app' option to install 'com.mnt.your_campus' or consider setting 'noReset' to 'true' if 'com.mnt.your_campus' is supposed to be preinstalled. 
Host info: host: 'DESKTOP-98O1PSG', ip: '192.168.56.1'
Build info: version: '4.21.0', revision: '79ed462ef4'
System info: os.name: 'Windows 10', os.arch: 'amd64', os.version: '10.0', java.version: '17.0.11'
Driver info: io.appium.java_client.android.AndroidDriver
Command: [null, newSession {capabilities=[Capabilities {appium:appActivity: com.mnt.your_campus.MainAct..., appium:appPackage: com.mnt.your_campus, appium:automationName: UiAutomator2, appium:avd: Pixel_7_Pro_API_34, appium:avdLaunchTimeout: 18000, appium:deviceName: Pixel_7_Pro_API_34, appium:udid: emulator-5554, platformName: ANDROID}]}]
Capabilities {appium:appActivity: com.mnt.your_campus.MainAct..., appium:appPackage: com.mnt.your_campus, appium:automationName: UiAutomator2, appium:avd: Pixel_7_Pro_API_34, appium:avdLaunchTimeout: 18000, appium:deviceName: Pixel_7_Pro_API_34, appium:udid: emulator-5554, platformName: ANDROID}
	at org.openqa.selenium.remote.ProtocolHandshake.createSession(ProtocolHandshake.java:114)
	at org.openqa.selenium.remote.ProtocolHandshake.createSession(ProtocolHandshake.java:75)
	at org.openqa.selenium.remote.ProtocolHandshake.createSession(ProtocolHandshake.java:61)
	at io.appium.java_client.remote.AppiumCommandExecutor.createSession(AppiumCommandExecutor.java:176)
	at io.appium.java_client.remote.AppiumCommandExecutor.execute(AppiumCommandExecutor.java:237)
	at org.openqa.selenium.remote.RemoteWebDriver.execute(RemoteWebDriver.java:518)
	at io.appium.java_client.AppiumDriver.startSession(AppiumDriver.java:270)
	at org.openqa.selenium.remote.RemoteWebDriver.<init>(RemoteWebDriver.java:161)
	at io.appium.java_client.AppiumDriver.<init>(AppiumDriver.java:91)
	at io.appium.java_client.AppiumDriver.<init>(AppiumDriver.java:103)
	at io.appium.java_client.android.AndroidDriver.<init>(AndroidDriver.java:109)
	at ConnectWithDesiredCapabilities.LoginPageDesiredCapabilities.TestyourCampusAPK(LoginPageDesiredCapabilities.java:45)
	at java.base/jdk.internal.reflect.NativeMethodAccessorImpl.invoke0(Native Method)
	at java.base/jdk.internal.reflect.NativeMethodAccessorImpl.invoke(NativeMethodAccessorImpl.java:77)
	at java.base/jdk.internal.reflect.DelegatingMethodAccessorImpl.invoke(DelegatingMethodAccessorImpl.java:43)
	at java.base/java.lang.reflect.Method.invoke(Method.java:568)
	at org.testng.internal.MethodInvocationHelper.invokeMethod(MethodInvocationHelper.java:108)
	at org.testng.internal.Invoker.invokeMethod(Invoker.java:661)
	at org.testng.internal.Invoker.invokeTestMethod(Invoker.java:869)
	at org.testng.internal.Invoker.invokeTestMethods(Invoker.java:1193)
	at org.testng.internal.TestMethodWorker.invokeTestMethods(TestMethodWorker.java:126)
	at org.testng.internal.TestMethodWorker.run(TestMethodWorker.java:109)
	at org.testng.TestRunner.privateRun(TestRunner.java:744)
	at org.testng.TestRunner.run(TestRunner.java:602)
	at org.testng.SuiteRunner.runTest(SuiteRunner.java:380)
	at org.testng.SuiteRunner.runSequentially(SuiteRunner.java:375)
	at org.testng.SuiteRunner.privateRun(SuiteRunner.java:340)
	at org.testng.SuiteRunner.run(SuiteRunner.java:289)
	at org.testng.SuiteRunnerWorker.runSuite(SuiteRunnerWorker.java:52)
	at org.testng.SuiteRunnerWorker.run(SuiteRunnerWorker.java:86)
	at org.testng.TestNG.runSuitesSequentially(TestNG.java:1301)
	at org.testng.TestNG.runSuitesLocally(TestNG.java:1226)
	at org.testng.TestNG.runSuites(TestNG.java:1144)
	at org.testng.TestNG.run(TestNG.java:1115)
	at org.testng.remote.AbstractRemoteTestNG.run(AbstractRemoteTestNG.java:115)
	at org.testng.remote.RemoteTestNG.initAndRun(RemoteTestNG.java:293)
	at org.testng.remote.RemoteTestNG.main(RemoteTestNG.java:91)
]]>
    </error>
  </testcase> <!-- TestyourCampusAPK -->
</testsuite> <!-- ConnectWithDesiredCapabilities.LoginPageDesiredCapabilities -->
