<?xml version="1.0" encoding="UTF-8"?>
<!-- Generated by org.testng.reporters.JUnitReportReporter -->
<testsuite hostname="DESKTOP-98O1PSG" failures="0" tests="1" name="GesturesAutomation.dragNdropGestures" time="5.508" errors="0" timestamp="04 Sep 2024 08:27:30 GMT" skipped="0">
  <testcase classname="GesturesAutomation.dragNdropGestures" name="drapDropTest" time="5.508"/>
</testsuite> <!-- GesturesAutomation.dragNdropGestures -->
