<?xml version="1.0" encoding="UTF-8"?>
<!-- Generated by org.testng.reporters.JUnitReportReporter -->
<testsuite hostname="DESKTOP-98O1PSG" failures="0" tests="1" name="GesturesAutomation.LongClicGesturess" time="7.017" errors="0" timestamp="03 Sep 2024 16:17:49 GMT" skipped="0">
  <testcase classname="GesturesAutomation.LongClicGesturess" name="LongClickGesture" time="7.017"/>
</testsuite> <!-- GesturesAutomation.LongClicGesturess -->
