<?xml version="1.0" encoding="UTF-8"?>
<!-- Generated by org.testng.reporters.JUnitReportReporter -->
<testsuite hostname="DESKTOP-98O1PSG" failures="0" tests="1" name="GesturesAutomation.Testexecution" time="7.774" errors="0" timestamp="03 Sep 2024 16:11:06 GMT" skipped="0">
  <testcase classname="GesturesAutomation.Testexecution" name="LongClickGesture" time="7.774"/>
</testsuite> <!-- GesturesAutomation.Testexecution -->
