<?xml version="1.0" encoding="UTF-8"?>
<!-- Generated by org.testng.reporters.JUnitReportReporter -->
<testsuite hostname="DESKTOP-98O1PSG" failures="0" tests="1" name="GesturesAutomation.ScrollGesture" time="9.239" errors="0" timestamp="04 Sep 2024 06:48:15 GMT" skipped="0">
  <testcase classname="GesturesAutomation.ScrollGesture" name="Scroll" time="9.239"/>
</testsuite> <!-- GesturesAutomation.ScrollGesture -->
