<?xml version="1.0" encoding="UTF-8"?>
<!-- Generated by org.testng.reporters.JUnitReportReporter -->
<testsuite hostname="DESKTOP-98O1PSG" failures="0" tests="1" name="GesturesAutomation.swipeGestureextends" time="5.854" errors="0" timestamp="04 Sep 2024 06:09:26 GMT" skipped="0">
  <testcase classname="GesturesAutomation.swipeGestureextends" name="swipe" time="5.854"/>
</testsuite> <!-- GesturesAutomation.swipeGestureextends -->
