<?xml version="1.0" encoding="UTF-8"?>
<!-- Generated by org.testng.reporters.JUnitReportReporter -->
<testsuite hostname="DESKTOP-98O1PSG" failures="0" tests="1" name="MiscellaneousActivity.SetClipBoardGetClipBoard" time="10.561" errors="0" timestamp="04 Sep 2024 12:38:13 GMT" skipped="0">
  <testcase classname="MiscellaneousActivity.SetClipBoardGetClipBoard" name="setGet" time="10.561"/>
</testsuite> <!-- MiscellaneousActivity.SetClipBoardGetClipBoard -->
